<?xml version="1.0" encoding="UTF-8"?>
<!-- Generated by org.testng.reporters.JUnitReportReporter -->
<testsuite skipped="0" hostname="DESKTOP-GK61F68" name="com.rmgyntra.test.RunParamters" tests="1" failures="0" timestamp="24 Jun 2021 07:31:35 GMT" time="5.732" errors="0">
  <testcase name="runParamterTest" time="5.732" classname="com.rmgyntra.test.RunParamters"/>
</testsuite> <!-- com.rmgyntra.test.RunParamters -->
