<?xml version="1.0" encoding="UTF-8"?>
<!-- Generated by org.testng.reporters.JUnitReportReporter -->
<testsuite skipped="0" hostname="DESKTOP-GK61F68" name="com.rmgyantra.authentications.PathParameters" tests="1" failures="0" timestamp="24 Jun 2021 06:38:16 GMT" time="2.404" errors="0">
  <testcase name="gitHubPathParam" time="2.404" classname="com.rmgyantra.authentications.PathParameters"/>
</testsuite> <!-- com.rmgyantra.authentications.PathParameters -->
