<?xml version="1.0" encoding="UTF-8"?>
<!-- Generated by org.testng.reporters.JUnitReportReporter -->
<testsuite skipped="0" hostname="DESKTOP-GK61F68" name="com.rmgyantra.authentications.Oauth2Authentication" tests="1" failures="0" timestamp="24 Jun 2021 07:29:45 GMT" time="7.651" errors="0">
  <testcase name="oauth2Test" time="7.651" classname="com.rmgyantra.authentications.Oauth2Authentication"/>
</testsuite> <!-- com.rmgyantra.authentications.Oauth2Authentication -->
