<?xml version="1.0" encoding="UTF-8"?>
<!-- Generated by org.testng.reporters.JUnitReportReporter -->
<testsuite skipped="0" hostname="DESKTOP-GK61F68" name="com.rmgyntra.test.RunningADemoClass" tests="1" failures="0" timestamp="24 Jun 2021 07:53:49 GMT" time="0.026" errors="0">
  <testcase name="runTest4" time="0.026" classname="com.rmgyntra.test.RunningADemoClass"/>
</testsuite> <!-- com.rmgyntra.test.RunningADemoClass -->
