<?xml version="1.0" encoding="UTF-8"?>
<!-- Generated by org.testng.reporters.JUnitReportReporter -->
<testsuite skipped="0" hostname="DESKTOP-GK61F68" name="com.rmgyantra.authentications.QueryParameter" tests="2" failures="0" timestamp="24 Jun 2021 07:29:45 GMT" time="3.870" errors="0">
  <testcase name="githubQueryParamTest" time="2.025" classname="com.rmgyantra.authentications.QueryParameter"/>
  <testcase name="getAllRepoQuery" time="1.845" classname="com.rmgyantra.authentications.QueryParameter"/>
</testsuite> <!-- com.rmgyantra.authentications.QueryParameter -->
