<?xml version="1.0" encoding="UTF-8"?>
<!-- Generated by org.testng.reporters.JUnitReportReporter -->
<testsuite skipped="0" hostname="DESKTOP-GK61F68" name="com.rmgyantra.authentications.Oauth2Authentication" tests="1" failures="0" timestamp="2021-06-22T11:17:52 IST" time="8.007" errors="0">
  <testcase name="oauth2Test" time="8.007" classname="com.rmgyantra.authentications.Oauth2Authentication"/>
  <system-out/>
</testsuite> <!-- com.rmgyantra.authentications.Oauth2Authentication -->
