<?xml version="1.0" encoding="UTF-8"?>
<!-- Generated by org.testng.reporters.JUnitReportReporter -->
<testsuite skipped="0" hostname="DESKTOP-GK61F68" name="com.rmgyantra.authentications.BasicAuthenication" tests="1" failures="0" timestamp="2021-06-22T11:43:41 IST" time="5.316" errors="0">
  <testcase name="basicAuthTest" time="5.316" classname="com.rmgyantra.authentications.BasicAuthenication"/>
  <system-out/>
</testsuite> <!-- com.rmgyantra.authentications.BasicAuthenication -->
