<?xml version="1.0" encoding="UTF-8"?>
<!-- Generated by org.testng.reporters.JUnitReportReporter -->
<testsuite skipped="0" hostname="DESKTOP-GK61F68" name="com.rmgyantra.authentications.PathParameters" tests="1" failures="0" timestamp="2021-06-22T12:04:16 IST" time="9.460" errors="0">
  <testcase name="gitHubPathParam" time="9.460" classname="com.rmgyantra.authentications.PathParameters"/>
  <system-out/>
</testsuite> <!-- com.rmgyantra.authentications.PathParameters -->
