<?xml version="1.0" encoding="UTF-8"?>
<!-- Generated by org.testng.reporters.JUnitReportReporter -->
<testsuite skipped="0" hostname="DESKTOP-GK61F68" name="com.rmgyantra.authentications.QueryParameter" tests="1" failures="0" timestamp="2021-06-22T12:18:15 IST" time="6.229" errors="0">
  <testcase name="getAllRepoQuery" time="6.229" classname="com.rmgyantra.authentications.QueryParameter"/>
  <system-out/>
</testsuite> <!-- com.rmgyantra.authentications.QueryParameter -->
