<?xml version="1.0" encoding="UTF-8"?>
<!-- Generated by org.testng.reporters.JUnitReportReporter -->
<testsuite skipped="0" hostname="DESKTOP-GK61F68" name="com.rmgyntra.test.RunParamters" tests="1" failures="0" timestamp="2021-06-24T13:11:48 IST" time="6.155" errors="0">
  <testcase name="runParamterTest" time="6.155" classname="com.rmgyntra.test.RunParamters"/>
  <system-out/>
</testsuite> <!-- com.rmgyntra.test.RunParamters -->
